<?xml version="1.0" encoding="UTF-8"?>
<!-- Generated by org.testng.reporters.JUnitReportReporter -->
<testsuite skipped="0" hostname="P0154438" name="testNG.Demo1" tests="2" failures="0" timestamp="2021-01-26T10:44:41 IST" time="0.021" errors="0">
  <testcase name="Second_test" time="0.001" classname="testNG.Demo1"/>
  <system-out/>
  <testcase name="First_test" time="0.020" classname="testNG.Demo1"/>
  <system-out/>
</testsuite> <!-- testNG.Demo1 -->
