<?xml version="1.0" encoding="UTF-8"?>
<!-- Generated by org.testng.reporters.JUnitReportReporter -->
<testsuite skipped="0" hostname="P0154438" name="qaclick.Mavenjava.RestassuredTest" tests="2" failures="0" timestamp="2021-02-03T16:05:54 IST" time="0.032" errors="0">
  <testcase name="test6" time="0.016" classname="qaclick.Mavenjava.RestassuredTest"/>
  <system-out/>
  <testcase name="test5" time="0.016" classname="qaclick.Mavenjava.RestassuredTest"/>
  <system-out/>
</testsuite> <!-- qaclick.Mavenjava.RestassuredTest -->
