<?xml version="1.0" encoding="UTF-8"?>
<!-- Generated by org.testng.reporters.JUnitReportReporter -->
<testsuite skipped="0" hostname="P0154438" name="qaclick.Mavenjava.SeleniumTest" tests="2" failures="0" timestamp="2021-02-03T16:05:54 IST" time="0.000" errors="0">
  <testcase name="test1" time="0.000" classname="qaclick.Mavenjava.SeleniumTest"/>
  <system-out/>
  <testcase name="test2" time="0.000" classname="qaclick.Mavenjava.SeleniumTest"/>
  <system-out/>
</testsuite> <!-- qaclick.Mavenjava.SeleniumTest -->
